2025-03-17 04:02:55,616 ----------------------------------------------------------------------------------------------------
2025-03-17 04:02:55,617 Model: "TextClassifier(
  (embeddings): DocumentRNNEmbeddings(
    (embeddings): StackedEmbeddings(
      (list_embedding_0): WordEmbeddings(
        'glove'
        (embedding): Embedding(400001, 100)
      )
    )
    (word_reprojection_map): Linear(in_features=100, out_features=256, bias=True)
    (rnn): GRU(256, 256, batch_first=True)
    (dropout): Dropout(p=0.5, inplace=False)
  )
  (decoder): Linear(in_features=256, out_features=11, bias=True)
  (dropout): Dropout(p=0.0, inplace=False)
  (locked_dropout): LockedDropout(p=0.0)
  (word_dropout): WordDropout(p=0.0)
  (loss_function): CrossEntropyLoss()
  (weights): None
  (weight_tensor) None
)"
2025-03-17 04:02:55,618 ----------------------------------------------------------------------------------------------------
2025-03-17 04:02:55,619 Corpus: 40501 train + 4500 dev + 5000 test sentences
2025-03-17 04:02:55,619 ----------------------------------------------------------------------------------------------------
2025-03-17 04:02:55,620 Train:  40501 sentences
2025-03-17 04:02:55,620         (train_with_dev=False, train_with_test=False)
2025-03-17 04:02:55,621 ----------------------------------------------------------------------------------------------------
2025-03-17 04:02:55,621 Training Params:
2025-03-17 04:02:55,622  - learning_rate: "0.1" 
2025-03-17 04:02:55,623  - mini_batch_size: "32"
2025-03-17 04:02:55,623  - max_epochs: "10"
2025-03-17 04:02:55,624  - shuffle: "True"
2025-03-17 04:02:55,625 ----------------------------------------------------------------------------------------------------
2025-03-17 04:02:55,626 Plugins:
2025-03-17 04:02:55,627  - AnnealOnPlateau | patience: '3', anneal_factor: '0.5', min_learning_rate: '0.0001'
2025-03-17 04:02:55,628 ----------------------------------------------------------------------------------------------------
2025-03-17 04:02:55,628 Final evaluation on model from best epoch (best-model.pt)
2025-03-17 04:02:55,629  - metric: "('micro avg', 'f1-score')"
2025-03-17 04:02:55,630 ----------------------------------------------------------------------------------------------------
2025-03-17 04:02:55,630 Computation:
2025-03-17 04:02:55,631  - compute on device: cpu
2025-03-17 04:02:55,631  - embedding storage: cpu
2025-03-17 04:02:55,632 ----------------------------------------------------------------------------------------------------
2025-03-17 04:02:55,632 Model training base path: "flair-finetuned"
2025-03-17 04:02:55,633 ----------------------------------------------------------------------------------------------------
2025-03-17 04:02:55,633 ----------------------------------------------------------------------------------------------------
2025-03-17 04:02:57,945 epoch 1 - iter 126/1266 - loss 2.45281958 - time (sec): 2.31 - samples/sec: 1744.44 - lr: 0.100000 - momentum: 0.000000
2025-03-17 04:03:00,494 epoch 1 - iter 252/1266 - loss 2.42560121 - time (sec): 4.86 - samples/sec: 1659.25 - lr: 0.100000 - momentum: 0.000000
2025-03-17 04:03:03,117 epoch 1 - iter 378/1266 - loss 2.41197525 - time (sec): 7.48 - samples/sec: 1616.44 - lr: 0.100000 - momentum: 0.000000
2025-03-17 04:03:05,256 epoch 1 - iter 504/1266 - loss 2.40358437 - time (sec): 9.62 - samples/sec: 1676.16 - lr: 0.100000 - momentum: 0.000000
2025-03-17 04:03:07,982 epoch 1 - iter 630/1266 - loss 2.39524426 - time (sec): 12.35 - samples/sec: 1632.57 - lr: 0.100000 - momentum: 0.000000
2025-03-17 04:03:10,716 epoch 1 - iter 756/1266 - loss 2.39147857 - time (sec): 15.08 - samples/sec: 1603.98 - lr: 0.100000 - momentum: 0.000000
2025-03-17 04:03:13,600 epoch 1 - iter 882/1266 - loss 2.38963667 - time (sec): 17.97 - samples/sec: 1570.92 - lr: 0.100000 - momentum: 0.000000
2025-03-17 04:03:15,920 epoch 1 - iter 1008/1266 - loss 2.38682127 - time (sec): 20.29 - samples/sec: 1590.02 - lr: 0.100000 - momentum: 0.000000
2025-03-17 04:03:18,529 epoch 1 - iter 1134/1266 - loss 2.38496914 - time (sec): 22.90 - samples/sec: 1584.95 - lr: 0.100000 - momentum: 0.000000
2025-03-17 04:03:21,060 epoch 1 - iter 1260/1266 - loss 2.38421367 - time (sec): 25.43 - samples/sec: 1585.76 - lr: 0.100000 - momentum: 0.000000
2025-03-17 04:03:21,156 ----------------------------------------------------------------------------------------------------
2025-03-17 04:03:21,157 EPOCH 1 done: loss 2.3841 - lr: 0.100000
2025-03-17 04:03:22,932 DEV : loss 2.3784704208374023 - f1-score (micro avg)  0.096
2025-03-17 04:03:23,917  - 0 epochs without improvement
2025-03-17 04:03:23,918 saving best model
2025-03-17 04:03:24,586 ----------------------------------------------------------------------------------------------------
2025-03-17 04:03:26,716 epoch 2 - iter 126/1266 - loss 2.36505941 - time (sec): 2.13 - samples/sec: 1893.81 - lr: 0.100000 - momentum: 0.000000
2025-03-17 04:03:29,532 epoch 2 - iter 252/1266 - loss 2.36757006 - time (sec): 4.95 - samples/sec: 1630.58 - lr: 0.100000 - momentum: 0.000000
2025-03-17 04:03:32,426 epoch 2 - iter 378/1266 - loss 2.36823122 - time (sec): 7.84 - samples/sec: 1543.01 - lr: 0.100000 - momentum: 0.000000
2025-03-17 04:03:35,272 epoch 2 - iter 504/1266 - loss 2.36777125 - time (sec): 10.69 - samples/sec: 1509.34 - lr: 0.100000 - momentum: 0.000000
2025-03-17 04:03:37,582 epoch 2 - iter 630/1266 - loss 2.36822677 - time (sec): 12.99 - samples/sec: 1551.37 - lr: 0.100000 - momentum: 0.000000
2025-03-17 04:03:40,416 epoch 2 - iter 756/1266 - loss 2.36801707 - time (sec): 15.83 - samples/sec: 1528.35 - lr: 0.100000 - momentum: 0.000000
2025-03-17 04:03:43,158 epoch 2 - iter 882/1266 - loss 2.36766316 - time (sec): 18.57 - samples/sec: 1519.79 - lr: 0.100000 - momentum: 0.000000
2025-03-17 04:03:45,926 epoch 2 - iter 1008/1266 - loss 2.36714710 - time (sec): 21.34 - samples/sec: 1511.56 - lr: 0.100000 - momentum: 0.000000
2025-03-17 04:03:48,713 epoch 2 - iter 1134/1266 - loss 2.36736921 - time (sec): 24.13 - samples/sec: 1504.08 - lr: 0.100000 - momentum: 0.000000
2025-03-17 04:03:51,085 epoch 2 - iter 1260/1266 - loss 2.36694738 - time (sec): 26.50 - samples/sec: 1521.63 - lr: 0.100000 - momentum: 0.000000
2025-03-17 04:03:51,205 ----------------------------------------------------------------------------------------------------
2025-03-17 04:03:51,206 EPOCH 2 done: loss 2.3669 - lr: 0.100000
2025-03-17 04:03:53,528 DEV : loss 2.385969638824463 - f1-score (micro avg)  0.0991
2025-03-17 04:03:54,186  - 0 epochs without improvement
2025-03-17 04:03:54,187 saving best model
2025-03-17 04:03:54,830 ----------------------------------------------------------------------------------------------------
2025-03-17 04:03:57,485 epoch 3 - iter 126/1266 - loss 2.36363726 - time (sec): 2.65 - samples/sec: 1518.94 - lr: 0.100000 - momentum: 0.000000
2025-03-17 04:04:00,276 epoch 3 - iter 252/1266 - loss 2.36336018 - time (sec): 5.45 - samples/sec: 1480.90 - lr: 0.100000 - momentum: 0.000000
2025-03-17 04:04:02,871 epoch 3 - iter 378/1266 - loss 2.36459551 - time (sec): 8.04 - samples/sec: 1504.40 - lr: 0.100000 - momentum: 0.000000
2025-03-17 04:04:05,669 epoch 3 - iter 504/1266 - loss 2.36337364 - time (sec): 10.84 - samples/sec: 1488.15 - lr: 0.100000 - momentum: 0.000000
2025-03-17 04:04:08,431 epoch 3 - iter 630/1266 - loss 2.36288686 - time (sec): 13.60 - samples/sec: 1482.32 - lr: 0.100000 - momentum: 0.000000
2025-03-17 04:04:11,231 epoch 3 - iter 756/1266 - loss 2.36252702 - time (sec): 16.40 - samples/sec: 1475.09 - lr: 0.100000 - momentum: 0.000000
2025-03-17 04:04:13,546 epoch 3 - iter 882/1266 - loss 2.36229006 - time (sec): 18.71 - samples/sec: 1508.10 - lr: 0.100000 - momentum: 0.000000
2025-03-17 04:04:16,381 epoch 3 - iter 1008/1266 - loss 2.36289189 - time (sec): 21.55 - samples/sec: 1496.78 - lr: 0.100000 - momentum: 0.000000
2025-03-17 04:04:19,171 epoch 3 - iter 1134/1266 - loss 2.36252940 - time (sec): 24.34 - samples/sec: 1490.87 - lr: 0.100000 - momentum: 0.000000
2025-03-17 04:04:21,994 epoch 3 - iter 1260/1266 - loss 2.36286787 - time (sec): 27.16 - samples/sec: 1484.35 - lr: 0.100000 - momentum: 0.000000
2025-03-17 04:04:22,113 ----------------------------------------------------------------------------------------------------
2025-03-17 04:04:22,113 EPOCH 3 done: loss 2.3629 - lr: 0.100000
2025-03-17 04:04:24,101 DEV : loss 2.3534271717071533 - f1-score (micro avg)  0.0904
2025-03-17 04:04:25,112  - 1 epochs without improvement
2025-03-17 04:04:25,113 ----------------------------------------------------------------------------------------------------
2025-03-17 04:04:27,541 epoch 4 - iter 126/1266 - loss 2.36855702 - time (sec): 2.43 - samples/sec: 1661.42 - lr: 0.100000 - momentum: 0.000000
2025-03-17 04:04:30,560 epoch 4 - iter 252/1266 - loss 2.36293820 - time (sec): 5.45 - samples/sec: 1480.72 - lr: 0.100000 - momentum: 0.000000
2025-03-17 04:04:33,404 epoch 4 - iter 378/1266 - loss 2.36184182 - time (sec): 8.29 - samples/sec: 1459.03 - lr: 0.100000 - momentum: 0.000000
2025-03-17 04:04:35,863 epoch 4 - iter 504/1266 - loss 2.36235006 - time (sec): 10.75 - samples/sec: 1500.36 - lr: 0.100000 - momentum: 0.000000
2025-03-17 04:04:38,715 epoch 4 - iter 630/1266 - loss 2.36242655 - time (sec): 13.60 - samples/sec: 1482.23 - lr: 0.100000 - momentum: 0.000000
2025-03-17 04:04:41,564 epoch 4 - iter 756/1266 - loss 2.36289392 - time (sec): 16.45 - samples/sec: 1470.65 - lr: 0.100000 - momentum: 0.000000
2025-03-17 04:04:44,378 epoch 4 - iter 882/1266 - loss 2.36180118 - time (sec): 19.26 - samples/sec: 1465.11 - lr: 0.100000 - momentum: 0.000000
2025-03-17 04:04:46,789 epoch 4 - iter 1008/1266 - loss 2.36157908 - time (sec): 21.67 - samples/sec: 1488.18 - lr: 0.100000 - momentum: 0.000000
2025-03-17 04:04:49,584 epoch 4 - iter 1134/1266 - loss 2.36119287 - time (sec): 24.47 - samples/sec: 1482.94 - lr: 0.100000 - momentum: 0.000000
2025-03-17 04:04:52,464 epoch 4 - iter 1260/1266 - loss 2.36082072 - time (sec): 27.35 - samples/sec: 1474.22 - lr: 0.100000 - momentum: 0.000000
2025-03-17 04:04:52,587 ----------------------------------------------------------------------------------------------------
2025-03-17 04:04:52,587 EPOCH 4 done: loss 2.3610 - lr: 0.100000
2025-03-17 04:04:54,543 DEV : loss 2.35310435295105 - f1-score (micro avg)  0.0889
2025-03-17 04:04:55,603  - 2 epochs without improvement
2025-03-17 04:04:55,604 ----------------------------------------------------------------------------------------------------
2025-03-17 04:04:58,530 epoch 5 - iter 126/1266 - loss 2.36252078 - time (sec): 2.93 - samples/sec: 1378.23 - lr: 0.100000 - momentum: 0.000000
2025-03-17 04:05:01,135 epoch 5 - iter 252/1266 - loss 2.36170209 - time (sec): 5.53 - samples/sec: 1458.31 - lr: 0.100000 - momentum: 0.000000
2025-03-17 04:05:04,087 epoch 5 - iter 378/1266 - loss 2.36189119 - time (sec): 8.48 - samples/sec: 1426.10 - lr: 0.100000 - momentum: 0.000000
2025-03-17 04:05:06,935 epoch 5 - iter 504/1266 - loss 2.35994662 - time (sec): 11.33 - samples/sec: 1423.49 - lr: 0.100000 - momentum: 0.000000
2025-03-17 04:05:09,914 epoch 5 - iter 630/1266 - loss 2.35957146 - time (sec): 14.31 - samples/sec: 1408.93 - lr: 0.100000 - momentum: 0.000000
2025-03-17 04:05:12,414 epoch 5 - iter 756/1266 - loss 2.35861271 - time (sec): 16.81 - samples/sec: 1439.26 - lr: 0.100000 - momentum: 0.000000
2025-03-17 04:05:15,260 epoch 5 - iter 882/1266 - loss 2.35818458 - time (sec): 19.66 - samples/sec: 1435.95 - lr: 0.100000 - momentum: 0.000000
2025-03-17 04:05:18,149 epoch 5 - iter 1008/1266 - loss 2.35741940 - time (sec): 22.54 - samples/sec: 1430.77 - lr: 0.100000 - momentum: 0.000000
2025-03-17 04:05:21,269 epoch 5 - iter 1134/1266 - loss 2.35716634 - time (sec): 25.66 - samples/sec: 1413.94 - lr: 0.100000 - momentum: 0.000000
2025-03-17 04:05:23,906 epoch 5 - iter 1260/1266 - loss 2.35740185 - time (sec): 28.30 - samples/sec: 1424.68 - lr: 0.100000 - momentum: 0.000000
2025-03-17 04:05:24,029 ----------------------------------------------------------------------------------------------------
2025-03-17 04:05:24,030 EPOCH 5 done: loss 2.3575 - lr: 0.100000
2025-03-17 04:05:26,007 DEV : loss 2.3544769287109375 - f1-score (micro avg)  0.1067
2025-03-17 04:05:27,045  - 0 epochs without improvement
2025-03-17 04:05:27,047 saving best model
2025-03-17 04:05:27,698 ----------------------------------------------------------------------------------------------------
2025-03-17 04:05:30,539 epoch 6 - iter 126/1266 - loss 2.35891708 - time (sec): 2.84 - samples/sec: 1419.91 - lr: 0.100000 - momentum: 0.000000
2025-03-17 04:05:33,398 epoch 6 - iter 252/1266 - loss 2.35587535 - time (sec): 5.70 - samples/sec: 1415.26 - lr: 0.100000 - momentum: 0.000000
2025-03-17 04:05:35,838 epoch 6 - iter 378/1266 - loss 2.35538068 - time (sec): 8.14 - samples/sec: 1486.34 - lr: 0.100000 - momentum: 0.000000
2025-03-17 04:05:38,600 epoch 6 - iter 504/1266 - loss 2.35634683 - time (sec): 10.90 - samples/sec: 1479.53 - lr: 0.100000 - momentum: 0.000000
2025-03-17 04:05:41,419 epoch 6 - iter 630/1266 - loss 2.35641329 - time (sec): 13.72 - samples/sec: 1469.50 - lr: 0.100000 - momentum: 0.000000
2025-03-17 04:05:44,249 epoch 6 - iter 756/1266 - loss 2.35650566 - time (sec): 16.55 - samples/sec: 1461.80 - lr: 0.100000 - momentum: 0.000000
2025-03-17 04:05:46,707 epoch 6 - iter 882/1266 - loss 2.35684264 - time (sec): 19.01 - samples/sec: 1484.88 - lr: 0.100000 - momentum: 0.000000
2025-03-17 04:05:49,583 epoch 6 - iter 1008/1266 - loss 2.35731800 - time (sec): 21.88 - samples/sec: 1473.97 - lr: 0.100000 - momentum: 0.000000
2025-03-17 04:05:52,603 epoch 6 - iter 1134/1266 - loss 2.35700576 - time (sec): 24.90 - samples/sec: 1457.16 - lr: 0.100000 - momentum: 0.000000
2025-03-17 04:05:56,357 epoch 6 - iter 1260/1266 - loss 2.35679987 - time (sec): 28.66 - samples/sec: 1406.96 - lr: 0.100000 - momentum: 0.000000
2025-03-17 04:05:56,573 ----------------------------------------------------------------------------------------------------
2025-03-17 04:05:56,575 EPOCH 6 done: loss 2.3567 - lr: 0.100000
2025-03-17 04:05:59,187 DEV : loss 2.3343605995178223 - f1-score (micro avg)  0.0933
2025-03-17 04:06:00,245  - 1 epochs without improvement
2025-03-17 04:06:00,246 ----------------------------------------------------------------------------------------------------
2025-03-17 04:06:03,025 epoch 7 - iter 126/1266 - loss 2.35303996 - time (sec): 2.78 - samples/sec: 1450.90 - lr: 0.100000 - momentum: 0.000000
2025-03-17 04:06:06,077 epoch 7 - iter 252/1266 - loss 2.35622322 - time (sec): 5.83 - samples/sec: 1382.93 - lr: 0.100000 - momentum: 0.000000
2025-03-17 04:06:08,962 epoch 7 - iter 378/1266 - loss 2.35682851 - time (sec): 8.72 - samples/sec: 1387.81 - lr: 0.100000 - momentum: 0.000000
2025-03-17 04:06:11,499 epoch 7 - iter 504/1266 - loss 2.35755207 - time (sec): 11.25 - samples/sec: 1433.30 - lr: 0.100000 - momentum: 0.000000
2025-03-17 04:06:14,540 epoch 7 - iter 630/1266 - loss 2.35670368 - time (sec): 14.29 - samples/sec: 1410.43 - lr: 0.100000 - momentum: 0.000000
2025-03-17 04:06:17,558 epoch 7 - iter 756/1266 - loss 2.35644322 - time (sec): 17.31 - samples/sec: 1397.46 - lr: 0.100000 - momentum: 0.000000
2025-03-17 04:06:20,112 epoch 7 - iter 882/1266 - loss 2.35646403 - time (sec): 19.87 - samples/sec: 1420.74 - lr: 0.100000 - momentum: 0.000000
2025-03-17 04:06:23,189 epoch 7 - iter 1008/1266 - loss 2.35567342 - time (sec): 22.94 - samples/sec: 1405.97 - lr: 0.100000 - momentum: 0.000000
2025-03-17 04:06:26,118 epoch 7 - iter 1134/1266 - loss 2.35514105 - time (sec): 25.87 - samples/sec: 1402.64 - lr: 0.100000 - momentum: 0.000000
2025-03-17 04:06:29,049 epoch 7 - iter 1260/1266 - loss 2.35490010 - time (sec): 28.80 - samples/sec: 1399.87 - lr: 0.100000 - momentum: 0.000000
2025-03-17 04:06:29,159 ----------------------------------------------------------------------------------------------------
2025-03-17 04:06:29,159 EPOCH 7 done: loss 2.3549 - lr: 0.100000
2025-03-17 04:06:31,209 DEV : loss 2.333153486251831 - f1-score (micro avg)  0.0978
2025-03-17 04:06:31,876  - 2 epochs without improvement
2025-03-17 04:06:31,877 ----------------------------------------------------------------------------------------------------
2025-03-17 04:06:34,824 epoch 8 - iter 126/1266 - loss 2.35669170 - time (sec): 2.95 - samples/sec: 1368.24 - lr: 0.100000 - momentum: 0.000000
2025-03-17 04:06:37,644 epoch 8 - iter 252/1266 - loss 2.35418609 - time (sec): 5.77 - samples/sec: 1398.43 - lr: 0.100000 - momentum: 0.000000
2025-03-17 04:06:40,593 epoch 8 - iter 378/1266 - loss 2.35511126 - time (sec): 8.72 - samples/sec: 1387.91 - lr: 0.100000 - momentum: 0.000000
2025-03-17 04:06:43,969 epoch 8 - iter 504/1266 - loss 2.35582000 - time (sec): 12.09 - samples/sec: 1333.87 - lr: 0.100000 - momentum: 0.000000
2025-03-17 04:06:46,537 epoch 8 - iter 630/1266 - loss 2.35550167 - time (sec): 14.66 - samples/sec: 1375.21 - lr: 0.100000 - momentum: 0.000000
2025-03-17 04:06:49,689 epoch 8 - iter 756/1266 - loss 2.35562134 - time (sec): 17.81 - samples/sec: 1358.26 - lr: 0.100000 - momentum: 0.000000
2025-03-17 04:06:52,648 epoch 8 - iter 882/1266 - loss 2.35586510 - time (sec): 20.77 - samples/sec: 1358.89 - lr: 0.100000 - momentum: 0.000000
2025-03-17 04:06:55,647 epoch 8 - iter 1008/1266 - loss 2.35490394 - time (sec): 23.77 - samples/sec: 1357.03 - lr: 0.100000 - momentum: 0.000000
2025-03-17 04:06:58,609 epoch 8 - iter 1134/1266 - loss 2.35458911 - time (sec): 26.73 - samples/sec: 1357.50 - lr: 0.100000 - momentum: 0.000000
2025-03-17 04:07:01,184 epoch 8 - iter 1260/1266 - loss 2.35407325 - time (sec): 29.31 - samples/sec: 1375.83 - lr: 0.100000 - momentum: 0.000000
2025-03-17 04:07:01,308 ----------------------------------------------------------------------------------------------------
2025-03-17 04:07:01,309 EPOCH 8 done: loss 2.3540 - lr: 0.100000
2025-03-17 04:07:03,427 DEV : loss 2.3341941833496094 - f1-score (micro avg)  0.1024
2025-03-17 04:07:04,555  - 3 epochs without improvement
2025-03-17 04:07:04,557 ----------------------------------------------------------------------------------------------------
2025-03-17 04:07:07,758 epoch 9 - iter 126/1266 - loss 2.35353524 - time (sec): 3.20 - samples/sec: 1259.82 - lr: 0.100000 - momentum: 0.000000
2025-03-17 04:07:10,414 epoch 9 - iter 252/1266 - loss 2.35362103 - time (sec): 5.86 - samples/sec: 1376.79 - lr: 0.100000 - momentum: 0.000000
2025-03-17 04:07:13,582 epoch 9 - iter 378/1266 - loss 2.35559917 - time (sec): 9.02 - samples/sec: 1340.33 - lr: 0.100000 - momentum: 0.000000
2025-03-17 04:07:16,747 epoch 9 - iter 504/1266 - loss 2.35567257 - time (sec): 12.19 - samples/sec: 1323.11 - lr: 0.100000 - momentum: 0.000000
2025-03-17 04:07:19,329 epoch 9 - iter 630/1266 - loss 2.35395435 - time (sec): 14.77 - samples/sec: 1364.77 - lr: 0.100000 - momentum: 0.000000
2025-03-17 04:07:22,368 epoch 9 - iter 756/1266 - loss 2.35333464 - time (sec): 17.81 - samples/sec: 1358.30 - lr: 0.100000 - momentum: 0.000000
2025-03-17 04:07:25,437 epoch 9 - iter 882/1266 - loss 2.35351980 - time (sec): 20.88 - samples/sec: 1351.74 - lr: 0.100000 - momentum: 0.000000
2025-03-17 04:07:28,103 epoch 9 - iter 1008/1266 - loss 2.35407601 - time (sec): 23.55 - samples/sec: 1369.91 - lr: 0.100000 - momentum: 0.000000
2025-03-17 04:07:31,228 epoch 9 - iter 1134/1266 - loss 2.35369438 - time (sec): 26.67 - samples/sec: 1360.59 - lr: 0.100000 - momentum: 0.000000
2025-03-17 04:07:34,316 epoch 9 - iter 1260/1266 - loss 2.35337072 - time (sec): 29.76 - samples/sec: 1354.89 - lr: 0.100000 - momentum: 0.000000
2025-03-17 04:07:34,440 ----------------------------------------------------------------------------------------------------
2025-03-17 04:07:34,440 EPOCH 9 done: loss 2.3533 - lr: 0.100000
2025-03-17 04:07:36,597 DEV : loss 2.337941884994507 - f1-score (micro avg)  0.108
2025-03-17 04:07:37,677  - 0 epochs without improvement
2025-03-17 04:07:37,678 saving best model
2025-03-17 04:07:38,427 ----------------------------------------------------------------------------------------------------
2025-03-17 04:07:41,030 epoch 10 - iter 126/1266 - loss 2.35161841 - time (sec): 2.60 - samples/sec: 1549.26 - lr: 0.100000 - momentum: 0.000000
2025-03-17 04:07:44,315 epoch 10 - iter 252/1266 - loss 2.35209435 - time (sec): 5.89 - samples/sec: 1369.72 - lr: 0.100000 - momentum: 0.000000
2025-03-17 04:07:47,488 epoch 10 - iter 378/1266 - loss 2.35060810 - time (sec): 9.06 - samples/sec: 1334.95 - lr: 0.100000 - momentum: 0.000000
2025-03-17 04:07:50,188 epoch 10 - iter 504/1266 - loss 2.35062296 - time (sec): 11.76 - samples/sec: 1371.35 - lr: 0.100000 - momentum: 0.000000
2025-03-17 04:07:53,303 epoch 10 - iter 630/1266 - loss 2.35009882 - time (sec): 14.88 - samples/sec: 1355.23 - lr: 0.100000 - momentum: 0.000000
2025-03-17 04:07:56,430 epoch 10 - iter 756/1266 - loss 2.35070483 - time (sec): 18.00 - samples/sec: 1343.79 - lr: 0.100000 - momentum: 0.000000
2025-03-17 04:07:59,638 epoch 10 - iter 882/1266 - loss 2.35032717 - time (sec): 21.21 - samples/sec: 1330.67 - lr: 0.100000 - momentum: 0.000000
2025-03-17 04:08:02,387 epoch 10 - iter 1008/1266 - loss 2.35060704 - time (sec): 23.96 - samples/sec: 1346.25 - lr: 0.100000 - momentum: 0.000000
2025-03-17 04:08:05,813 epoch 10 - iter 1134/1266 - loss 2.35034253 - time (sec): 27.39 - samples/sec: 1325.07 - lr: 0.100000 - momentum: 0.000000
2025-03-17 04:08:09,160 epoch 10 - iter 1260/1266 - loss 2.35038580 - time (sec): 30.73 - samples/sec: 1311.95 - lr: 0.100000 - momentum: 0.000000
2025-03-17 04:08:09,301 ----------------------------------------------------------------------------------------------------
2025-03-17 04:08:09,302 EPOCH 10 done: loss 2.3502 - lr: 0.100000
2025-03-17 04:08:11,525 DEV : loss 2.3673057556152344 - f1-score (micro avg)  0.1064
2025-03-17 04:08:12,634  - 1 epochs without improvement
2025-03-17 04:08:13,352 ----------------------------------------------------------------------------------------------------
2025-03-17 04:08:13,353 Loading model from best epoch ...
2025-03-17 04:08:15,829 
Results:
- F-score (micro) 0.1022
- F-score (macro) 0.0311
- Accuracy 0.1022

By class:
              precision    recall  f1-score   support

           5     0.0974    0.6798    0.1704       456
           3     0.1106    0.3858    0.1719       521
           8     0.0000    0.0000    0.0000       524
           4     0.0000    0.0000    0.0000       524
           9     0.0000    0.0000    0.0000       513
           2     0.0000    0.0000    0.0000       512
           0     0.0000    0.0000    0.0000       510
           7     0.0000    0.0000    0.0000       485
           6     0.0000    0.0000    0.0000       481
           1     0.0000    0.0000    0.0000       473
       label     0.0000    0.0000    0.0000         1

    accuracy                         0.1022      5000
   macro avg     0.0189    0.0969    0.0311      5000
weighted avg     0.0204    0.1022    0.0335      5000

2025-03-17 04:08:15,830 ----------------------------------------------------------------------------------------------------
